0 info it worked if it ends with ok
1 verbose cli [ '/usr/local/bin/node',
1 verbose cli   '/usr/local/bin/npm',
1 verbose cli   'run',
1 verbose cli   'dev-client' ]
2 info using npm@3.8.9
3 info using node@v6.2.0
4 verbose run-script [ 'predev-client', 'dev-client', 'postdev-client' ]
5 info lifecycle global-mechanic-www@1.0.0~predev-client: global-mechanic-www@1.0.0
6 silly lifecycle global-mechanic-www@1.0.0~predev-client: no script for predev-client, continuing
7 info lifecycle global-mechanic-www@1.0.0~dev-client: global-mechanic-www@1.0.0
8 verbose lifecycle global-mechanic-www@1.0.0~dev-client: unsafe-perm in lifecycle true
9 verbose lifecycle global-mechanic-www@1.0.0~dev-client: PATH: /usr/local/lib/node_modules/npm/bin/node-gyp-bin:/Volumes/GM Production 02 External/Projects/Git/global-mechanic-www/node_modules/.bin:/usr/local/bin:/usr/local/bin:/usr/bin:/bin:/usr/sbin:/sbin
10 verbose lifecycle global-mechanic-www@1.0.0~dev-client: CWD: /Volumes/GM Production 02 External/Projects/Git/global-mechanic-www
11 silly lifecycle global-mechanic-www@1.0.0~dev-client: Args: [ '-c',
11 silly lifecycle   'webpack-dev-server --host 0.0.0.0 --port 5000 --history-api-fallback' ]
12 silly lifecycle global-mechanic-www@1.0.0~dev-client: Returned: code: 1  signal: null
13 info lifecycle global-mechanic-www@1.0.0~dev-client: Failed to exec dev-client script
14 verbose stack Error: global-mechanic-www@1.0.0 dev-client: `webpack-dev-server --host 0.0.0.0 --port 5000 --history-api-fallback`
14 verbose stack Exit status 1
14 verbose stack     at EventEmitter.<anonymous> (/usr/local/lib/node_modules/npm/lib/utils/lifecycle.js:245:16)
14 verbose stack     at emitTwo (events.js:106:13)
14 verbose stack     at EventEmitter.emit (events.js:191:7)
14 verbose stack     at ChildProcess.<anonymous> (/usr/local/lib/node_modules/npm/lib/utils/spawn.js:24:14)
14 verbose stack     at emitTwo (events.js:106:13)
14 verbose stack     at ChildProcess.emit (events.js:191:7)
14 verbose stack     at maybeClose (internal/child_process.js:850:16)
14 verbose stack     at Process.ChildProcess._handle.onexit (internal/child_process.js:215:5)
15 verbose pkgid global-mechanic-www@1.0.0
16 verbose cwd /Volumes/GM Production 02 External/Projects/Git/global-mechanic-www
17 error Darwin 14.5.0
18 error argv "/usr/local/bin/node" "/usr/local/bin/npm" "run" "dev-client"
19 error node v6.2.0
20 error npm  v3.8.9
21 error code ELIFECYCLE
22 error global-mechanic-www@1.0.0 dev-client: `webpack-dev-server --host 0.0.0.0 --port 5000 --history-api-fallback`
22 error Exit status 1
23 error Failed at the global-mechanic-www@1.0.0 dev-client script 'webpack-dev-server --host 0.0.0.0 --port 5000 --history-api-fallback'.
23 error Make sure you have the latest version of node.js and npm installed.
23 error If you do, this is most likely a problem with the global-mechanic-www package,
23 error not with npm itself.
23 error Tell the author that this fails on your system:
23 error     webpack-dev-server --host 0.0.0.0 --port 5000 --history-api-fallback
23 error You can get information on how to open an issue for this project with:
23 error     npm bugs global-mechanic-www
23 error Or if that isn't available, you can get their info via:
23 error     npm owner ls global-mechanic-www
23 error There is likely additional logging output above.
24 verbose exit [ 1, true ]
